Using pre-set license
Built from '2020.3/release' branch; Version is '2020.3.31f1 (6b54b7616050) revision 7034039'; Using compiler version '192528614'; Build Type 'Release'
OS: 'Windows 11  (10.0.22000) 64bit Core' Language: 'en' Physical Memory: 14188 MB
BatchMode: 1, IsHumanControllingUs: 0, StartBugReporterOnCrash: 0, Is64bit: 1, IsPro: 0

COMMAND LINE ARGUMENTS:
C:\Program Files\Unity\Hub\Editor\2020.3.31f1\Editor\Unity.exe
-adb2
-batchMode
-noUpm
-name
AssetImportWorker0
-projectPath
E:/Unity/MapMenu
-logFile
Logs/AssetImportWorker0.log
-srvPort
63807
Successfully changed project path to: E:/Unity/MapMenu
E:/Unity/MapMenu
Using Asset Import Pipeline V2.
Refreshing native plugins compatible for Editor in 35.30 ms, found 3 plugins.
Preloading 0 native plugins for Editor in 0.00 ms.
Initialize engine version: 2020.3.31f1 (6b54b7616050)
[Subsystems] Discovering subsystems at path C:/Program Files/Unity/Hub/Editor/2020.3.31f1/Editor/Data/Resources/UnitySubsystems
[Subsystems] Discovering subsystems at path E:/Unity/MapMenu/Assets
GfxDevice: creating device client; threaded=0
Direct3D:
    Version:  Direct3D 11.0 [level 11.1]
    Renderer: NVIDIA GeForce RTX 3050 Ti Laptop GPU (ID=0x25e0)
    Vendor:   
    VRAM:     3990 MB
    Driver:   30.0.15.1123
Initialize mono
Mono path[0] = 'C:/Program Files/Unity/Hub/Editor/2020.3.31f1/Editor/Data/Managed'
Mono path[1] = 'C:/Program Files/Unity/Hub/Editor/2020.3.31f1/Editor/Data/MonoBleedingEdge/lib/mono/unityjit'
Mono config path = 'C:/Program Files/Unity/Hub/Editor/2020.3.31f1/Editor/Data/MonoBleedingEdge/etc'
Using monoOptions --debugger-agent=transport=dt_socket,embedding=1,server=y,suspend=n,address=127.0.0.1:56124
Begin MonoManager ReloadAssembly
Registering precompiled unity dll's ...
Register platform support module: C:/Program Files/Unity/Hub/Editor/2020.3.31f1/Editor/Data/PlaybackEngines/WebGLSupport/UnityEditor.WebGL.Extensions.dll
Register platform support module: C:/Program Files/Unity/Hub/Editor/2020.3.31f1/Editor/Data/PlaybackEngines/WindowsStandaloneSupport/UnityEditor.WindowsStandalone.Extensions.dll
Registered in 0.002149 seconds.
Native extension for WindowsStandalone target not found
Native extension for WebGL target not found
Refreshing native plugins compatible for Editor in 34.11 ms, found 3 plugins.
Preloading 0 native plugins for Editor in 0.00 ms.
Mono: successfully reloaded assembly
- Completed reload, in  0.434 seconds
Domain Reload Profiling:
	ReloadAssembly (434ms)
		BeginReloadAssembly (55ms)
			ExecutionOrderSort (0ms)
			DisableScriptedObjects (0ms)
			BackupInstance (0ms)
			ReleaseScriptingObjects (0ms)
			CreateAndSetChildDomain (1ms)
		EndReloadAssembly (326ms)
			LoadAssemblies (53ms)
			RebuildTransferFunctionScriptingTraits (0ms)
			SetupTypeCache (98ms)
			ReleaseScriptCaches (0ms)
			RebuildScriptCaches (19ms)
			SetupLoadedEditorAssemblies (128ms)
				LogAssemblyErrors (0ms)
				InitializePlatformSupportModulesInManaged (4ms)
				SetLoadedEditorAssemblies (0ms)
				RefreshPlugins (34ms)
				BeforeProcessingInitializeOnLoad (7ms)
				ProcessInitializeOnLoadAttributes (62ms)
				ProcessInitializeOnLoadMethodAttributes (21ms)
				AfterProcessingInitializeOnLoad (0ms)
				EditorAssembliesLoaded (0ms)
			ExecutionOrderSort2 (0ms)
			AwakeInstancesAfterBackupRestoration (0ms)
Platform modules already initialized, skipping
Registering precompiled user dll's ...
Registered in 0.002557 seconds.
Begin MonoManager ReloadAssembly
Native extension for WindowsStandalone target not found
Native extension for WebGL target not found
Refreshing native plugins compatible for Editor in 34.51 ms, found 3 plugins.
Preloading 0 native plugins for Editor in 0.00 ms.
Mono: successfully reloaded assembly
- Completed reload, in  0.782 seconds
Domain Reload Profiling:
	ReloadAssembly (782ms)
		BeginReloadAssembly (109ms)
			ExecutionOrderSort (0ms)
			DisableScriptedObjects (4ms)
			BackupInstance (0ms)
			ReleaseScriptingObjects (0ms)
			CreateAndSetChildDomain (16ms)
		EndReloadAssembly (628ms)
			LoadAssemblies (76ms)
			RebuildTransferFunctionScriptingTraits (0ms)
			SetupTypeCache (192ms)
			ReleaseScriptCaches (0ms)
			RebuildScriptCaches (31ms)
			SetupLoadedEditorAssemblies (252ms)
				LogAssemblyErrors (0ms)
				InitializePlatformSupportModulesInManaged (3ms)
				SetLoadedEditorAssemblies (0ms)
				RefreshPlugins (35ms)
				BeforeProcessingInitializeOnLoad (51ms)
				ProcessInitializeOnLoadAttributes (145ms)
				ProcessInitializeOnLoadMethodAttributes (12ms)
				AfterProcessingInitializeOnLoad (6ms)
				EditorAssembliesLoaded (0ms)
			ExecutionOrderSort2 (0ms)
			AwakeInstancesAfterBackupRestoration (5ms)
Platform modules already initialized, skipping
========================================================================
Worker process is ready to serve import requests
Launched and connected shader compiler UnityShaderCompiler.exe after 0.05 seconds
Refreshing native plugins compatible for Editor in 0.48 ms, found 3 plugins.
Preloading 0 native plugins for Editor in 0.00 ms.
Unloading 2201 Unused Serialized files (Serialized files now loaded: 0)
System memory in use before: 97.0 MB.
System memory in use after: 96.9 MB.

Unloading 31 unused Assets to reduce memory usage. Loaded Objects now: 2632.
Total: 2.625900 ms (FindLiveObjects: 0.147100 ms CreateObjectMapping: 0.055300 ms MarkObjects: 2.297600 ms  DeleteObjects: 0.125300 ms)

AssetImportParameters requested are different than current active one (requested -> active):
  custom:framework-win-MediaFoundation: 216162199b28c13a410421893ffa2e32 -> 
  custom:video-decoder-ogg-theora: a1e56fd34408186e4bbccfd4996cb3dc -> 
  custom:container-muxer-webm: aa71ff27fc2769a1b78a27578f13a17b -> 
  custom:container-demuxer-webm: 4f35f7cbe854078d1ac9338744f61a02 -> 
  custom:container-demuxer-ogg: 62fdf1f143b41e24485cea50d1cbac27 -> 
  custom:video-encoder-webm-vp8: eb34c28f22e8b96e1ab97ce403110664 -> 
  custom:video-codec-MediaFoundation-h265: 746d11721c4dcdbdad8f713fa42b33f4 -> 
  custom:video-decoder-webm-vp8: 9c59270c3fd7afecdb556c50c9e8de78 -> 
  custom:audio-decoder-ogg-vorbis: bf7c407c2cedff20999df2af8eb42d56 -> 
  custom:audio-encoder-webm-vorbis: bf7c407c2cedff20999df2af8eb42d56 -> 
========================================================================
Received Import Request.
  path: Assets/Scenes
  artifactKey: Guid(131a6b21c8605f84396be9f6751fb6e3) Importer(815301076,1909f56bfc062723c751e8b465ee728b)
Start importing Assets/Scenes using Guid(131a6b21c8605f84396be9f6751fb6e3) Importer(815301076,1909f56bfc062723c751e8b465ee728b)  -> (artifact id: 'df75b7d1a31c5b4f73fd45661b403b04') in 0.008156 seconds 
========================================================================
Received Import Request.
  Time since last request: 0.000134 seconds.
  path: Assets/Scenes/SampleScene.unity
  artifactKey: Guid(2cda990e2423bbf4892e6590ba056729) Importer(815301076,1909f56bfc062723c751e8b465ee728b)
Start importing Assets/Scenes/SampleScene.unity using Guid(2cda990e2423bbf4892e6590ba056729) Importer(815301076,1909f56bfc062723c751e8b465ee728b)  -> (artifact id: '39830e642e86629427d938554181f2fd') in 0.004973 seconds 
========================================================================
Received Import Request.
  Time since last request: 4.367157 seconds.
  path: Assets/Scenes/MapSelection.unity
  artifactKey: Guid(2cda990e2423bbf4892e6590ba056729) Importer(815301076,1909f56bfc062723c751e8b465ee728b)
Start importing Assets/Scenes/MapSelection.unity using Guid(2cda990e2423bbf4892e6590ba056729) Importer(815301076,1909f56bfc062723c751e8b465ee728b)  -> (artifact id: '8a5e29729fd3f03ca8bc87e752282647') in 0.006708 seconds 
========================================================================
Received Import Request.
  Time since last request: 2440.151595 seconds.
  path: Assets/Fonts/Number_GROBOLD.ttf
  artifactKey: Guid(f74d9341814ec3e41b7de9ad4056fe6c) Importer(815301076,1909f56bfc062723c751e8b465ee728b)
Start importing Assets/Fonts/Number_GROBOLD.ttf using Guid(f74d9341814ec3e41b7de9ad4056fe6c) Importer(815301076,1909f56bfc062723c751e8b465ee728b)  -> (artifact id: '00cdcab6818b732428ac946be16049d8') in 0.113354 seconds 
========================================================================
Received Import Request.
  Time since last request: 0.000139 seconds.
  path: Assets/Fonts/Text_ROLLERGI.TTF
  artifactKey: Guid(caa313916ca192c48a77f90ecbfde6b9) Importer(815301076,1909f56bfc062723c751e8b465ee728b)
Start importing Assets/Fonts/Text_ROLLERGI.TTF using Guid(caa313916ca192c48a77f90ecbfde6b9) Importer(815301076,1909f56bfc062723c751e8b465ee728b)  -> (artifact id: 'cce5abe230ba70cb3696eba3013e7c5a') in 0.021355 seconds 
========================================================================
Received Import Request.
  Time since last request: 7.679199 seconds.
  path: Assets/Fonts
  artifactKey: Guid(48642b3220b30854b88f62366179b8b3) Importer(815301076,1909f56bfc062723c751e8b465ee728b)
Start importing Assets/Fonts using Guid(48642b3220b30854b88f62366179b8b3) Importer(815301076,1909f56bfc062723c751e8b465ee728b)  -> (artifact id: '785ba53a3e2e9b2bb18fc200e323a312') in 0.006413 seconds 
========================================================================
Received Import Request.
  Time since last request: 2.169888 seconds.
  path: Assets/Sprites
  artifactKey: Guid(62254defb12013548a659729a04d9f3a) Importer(815301076,1909f56bfc062723c751e8b465ee728b)
Start importing Assets/Sprites using Guid(62254defb12013548a659729a04d9f3a) Importer(815301076,1909f56bfc062723c751e8b465ee728b)  -> (artifact id: '018d9e70e8b88249090ed061f4f6658e') in 0.006174 seconds 
========================================================================
Received Import Request.
  Time since last request: 0.037670 seconds.
  path: Assets/Sprites/Close Button.png
  artifactKey: Guid(d1a9470f203502f4d85d3038b8988ee6) Importer(815301076,1909f56bfc062723c751e8b465ee728b)
Start importing Assets/Sprites/Close Button.png using Guid(d1a9470f203502f4d85d3038b8988ee6) Importer(815301076,1909f56bfc062723c751e8b465ee728b)  -> (artifact id: '6455e1cde7d88f3d6b6d81a1a0f729a3') in 0.048212 seconds 
========================================================================
Received Import Request.
  Time since last request: 0.000117 seconds.
  path: Assets/Sprites/Star Full.png
  artifactKey: Guid(25352dd16b0c83b4f8a4ab846a0425ef) Importer(815301076,1909f56bfc062723c751e8b465ee728b)
Start importing Assets/Sprites/Star Full.png using Guid(25352dd16b0c83b4f8a4ab846a0425ef) Importer(815301076,1909f56bfc062723c751e8b465ee728b)  -> (artifact id: '4ed00ffdaac1c9d2c05cdb2176c16085') in 0.018960 seconds 
========================================================================
Received Import Request.
  Time since last request: 0.000132 seconds.
  path: Assets/Sprites/Level Selection Map.png
  artifactKey: Guid(f02c74f48ca46474fb04a733a432f844) Importer(815301076,1909f56bfc062723c751e8b465ee728b)
Start importing Assets/Sprites/Level Selection Map.png using Guid(f02c74f48ca46474fb04a733a432f844) Importer(815301076,1909f56bfc062723c751e8b465ee728b)  -> (artifact id: 'd6751e95a0fac69ee83a2ed296ba8712') in 0.029865 seconds 
========================================================================
Received Import Request.
  Time since last request: 0.000147 seconds.
  path: Assets/Sprites/Locked.png
  artifactKey: Guid(6a6a1a0c5ae307043a97e6f57ea6e8bb) Importer(815301076,1909f56bfc062723c751e8b465ee728b)
Start importing Assets/Sprites/Locked.png using Guid(6a6a1a0c5ae307043a97e6f57ea6e8bb) Importer(815301076,1909f56bfc062723c751e8b465ee728b)  -> (artifact id: '0ea4f9ad2650fc7b22b84958eac741e7') in 0.027612 seconds 
========================================================================
Received Import Request.
  Time since last request: 0.000123 seconds.
  path: Assets/Sprites/Stars.png
  artifactKey: Guid(2ab53b369c6fb8f4eb2a0a9e7dbfe284) Importer(815301076,1909f56bfc062723c751e8b465ee728b)
Start importing Assets/Sprites/Stars.png using Guid(2ab53b369c6fb8f4eb2a0a9e7dbfe284) Importer(815301076,1909f56bfc062723c751e8b465ee728b)  -> (artifact id: 'f160542ea258b11913d5b0b212950e6c') in 0.037507 seconds 
========================================================================
Received Import Request.
  Time since last request: 0.000118 seconds.
  path: Assets/Sprites/Star Blank.png
  artifactKey: Guid(77b9ea2d0aeee4449b0755346dd98b9d) Importer(815301076,1909f56bfc062723c751e8b465ee728b)
Start importing Assets/Sprites/Star Blank.png using Guid(77b9ea2d0aeee4449b0755346dd98b9d) Importer(815301076,1909f56bfc062723c751e8b465ee728b)  -> (artifact id: 'a16b2f7af95b82b602a75177b79671a0') in 0.023015 seconds 
========================================================================
Received Import Request.
  Time since last request: 0.000136 seconds.
  path: Assets/Sprites/StarButtons.png
  artifactKey: Guid(9c6e43b4dd1da654f9fe59f9c10bd33e) Importer(815301076,1909f56bfc062723c751e8b465ee728b)
Start importing Assets/Sprites/StarButtons.png using Guid(9c6e43b4dd1da654f9fe59f9c10bd33e) Importer(815301076,1909f56bfc062723c751e8b465ee728b)  -> (artifact id: 'd466b41da0028dbcf7ac4e7be92a1ed4') in 0.057660 seconds 
========================================================================
Received Import Request.
  Time since last request: 0.541371 seconds.
  path: Assets/Sprites/Level BGs
  artifactKey: Guid(c4dcc913bdcf1c64eb0e614b2e0daefd) Importer(815301076,1909f56bfc062723c751e8b465ee728b)
Start importing Assets/Sprites/Level BGs using Guid(c4dcc913bdcf1c64eb0e614b2e0daefd) Importer(815301076,1909f56bfc062723c751e8b465ee728b)  -> (artifact id: 'e58dfe3230976242369098dbed4b93d2') in 0.007927 seconds 
========================================================================
Received Import Request.
  Time since last request: 0.055631 seconds.
  path: Assets/Sprites/Level BGs/background4b.png
  artifactKey: Guid(d7c15f86ca28bda4895fafa481f8465b) Importer(815301076,1909f56bfc062723c751e8b465ee728b)
Start importing Assets/Sprites/Level BGs/background4b.png using Guid(d7c15f86ca28bda4895fafa481f8465b) Importer(815301076,1909f56bfc062723c751e8b465ee728b)  -> (artifact id: 'c41e0023133b06e43b0a9e45fbb62005') in 0.014084 seconds 
========================================================================
Received Import Request.
  Time since last request: 0.000103 seconds.
  path: Assets/Sprites/Level BGs/Level 01.png
  artifactKey: Guid(e4ce9f8bf654eea46a1f8b8132b92f41) Importer(815301076,1909f56bfc062723c751e8b465ee728b)
Start importing Assets/Sprites/Level BGs/Level 01.png using Guid(e4ce9f8bf654eea46a1f8b8132b92f41) Importer(815301076,1909f56bfc062723c751e8b465ee728b)  -> (artifact id: '6ad0a74514cc4d89279a245c76bccd31') in 0.020182 seconds 
========================================================================
Received Import Request.
  Time since last request: 0.000129 seconds.
  path: Assets/Sprites/Level BGs/Level 03.png
  artifactKey: Guid(c166b4470168dea42ad6cce9e2d57a88) Importer(815301076,1909f56bfc062723c751e8b465ee728b)
Start importing Assets/Sprites/Level BGs/Level 03.png using Guid(c166b4470168dea42ad6cce9e2d57a88) Importer(815301076,1909f56bfc062723c751e8b465ee728b)  -> (artifact id: 'd2fc7515d2aa71fa64e6df08579ac608') in 0.013904 seconds 
========================================================================
Received Import Request.
  Time since last request: 0.000133 seconds.
  path: Assets/Sprites/Level BGs/Level 04.png
  artifactKey: Guid(bda32d768f7a88640a7ce7368cb1a98e) Importer(815301076,1909f56bfc062723c751e8b465ee728b)
Start importing Assets/Sprites/Level BGs/Level 04.png using Guid(bda32d768f7a88640a7ce7368cb1a98e) Importer(815301076,1909f56bfc062723c751e8b465ee728b)  -> (artifact id: '9c40a8f33285ecf5ed6300254b40f9bd') in 0.014839 seconds 
========================================================================
Received Import Request.
  Time since last request: 0.000126 seconds.
  path: Assets/Sprites/Level BGs/Level 02.png
  artifactKey: Guid(de48701f5d4fc4a4482812e6c56ae9d0) Importer(815301076,1909f56bfc062723c751e8b465ee728b)
Start importing Assets/Sprites/Level BGs/Level 02.png using Guid(de48701f5d4fc4a4482812e6c56ae9d0) Importer(815301076,1909f56bfc062723c751e8b465ee728b)  -> (artifact id: 'f67cfbdab635457069993d60d48cb9d3') in 0.015097 seconds 
========================================================================
Received Import Request.
  Time since last request: 52395.357331 seconds.
  path: Assets/Scripts/MapSelection.cs
  artifactKey: Guid(61a318b1bed5c114cb3bc511f5fe3350) Importer(815301076,1909f56bfc062723c751e8b465ee728b)
Start importing Assets/Scripts/MapSelection.cs using Guid(61a318b1bed5c114cb3bc511f5fe3350) Importer(815301076,1909f56bfc062723c751e8b465ee728b)  -> (artifact id: 'a0ea28c3da54196ae803dbd9cccab9d6') in 0.043006 seconds 
========================================================================
Received Prepare
Registering precompiled user dll's ...
Registered in 0.003038 seconds.
Begin MonoManager ReloadAssembly
Native extension for WindowsStandalone target not found
Native extension for WebGL target not found
Refreshing native plugins compatible for Editor in 0.51 ms, found 3 plugins.
Preloading 0 native plugins for Editor in 0.00 ms.
Mono: successfully reloaded assembly
- Completed reload, in  0.921 seconds
Domain Reload Profiling:
	ReloadAssembly (923ms)
		BeginReloadAssembly (255ms)
			ExecutionOrderSort (0ms)
			DisableScriptedObjects (19ms)
			BackupInstance (0ms)
			ReleaseScriptingObjects (0ms)
			CreateAndSetChildDomain (127ms)
		EndReloadAssembly (616ms)
			LoadAssemblies (108ms)
			RebuildTransferFunctionScriptingTraits (0ms)
			SetupTypeCache (208ms)
			ReleaseScriptCaches (1ms)
			RebuildScriptCaches (30ms)
			SetupLoadedEditorAssemblies (224ms)
				LogAssemblyErrors (0ms)
				InitializePlatformSupportModulesInManaged (5ms)
				SetLoadedEditorAssemblies (1ms)
				RefreshPlugins (1ms)
				BeforeProcessingInitializeOnLoad (45ms)
				ProcessInitializeOnLoadAttributes (159ms)
				ProcessInitializeOnLoadMethodAttributes (9ms)
				AfterProcessingInitializeOnLoad (6ms)
				EditorAssembliesLoaded (0ms)
			ExecutionOrderSort2 (0ms)
			AwakeInstancesAfterBackupRestoration (7ms)
Platform modules already initialized, skipping
Refreshing native plugins compatible for Editor in 0.55 ms, found 3 plugins.
Preloading 0 native plugins for Editor in 0.00 ms.
Unloading 2196 Unused Serialized files (Serialized files now loaded: 0)
System memory in use before: 100.3 MB.
System memory in use after: 100.2 MB.

Unloading 20 unused Assets to reduce memory usage. Loaded Objects now: 2700.
Total: 3.157900 ms (FindLiveObjects: 0.188000 ms CreateObjectMapping: 0.048800 ms MarkObjects: 2.802800 ms  DeleteObjects: 0.117000 ms)

AssetImportParameters requested are different than current active one (requested -> active):
  custom:framework-win-MediaFoundation: 216162199b28c13a410421893ffa2e32 -> 
  custom:video-decoder-ogg-theora: a1e56fd34408186e4bbccfd4996cb3dc -> 
  custom:container-muxer-webm: aa71ff27fc2769a1b78a27578f13a17b -> 
  custom:container-demuxer-webm: 4f35f7cbe854078d1ac9338744f61a02 -> 
  custom:container-demuxer-ogg: 62fdf1f143b41e24485cea50d1cbac27 -> 
  custom:video-encoder-webm-vp8: eb34c28f22e8b96e1ab97ce403110664 -> 
  custom:video-codec-MediaFoundation-h265: 746d11721c4dcdbdad8f713fa42b33f4 -> 
  custom:video-decoder-webm-vp8: 9c59270c3fd7afecdb556c50c9e8de78 -> 
  custom:audio-decoder-ogg-vorbis: bf7c407c2cedff20999df2af8eb42d56 -> 
  custom:audio-encoder-webm-vorbis: bf7c407c2cedff20999df2af8eb42d56 -> 
========================================================================
Received Prepare
Registering precompiled user dll's ...
Registered in 0.002628 seconds.
Begin MonoManager ReloadAssembly
Native extension for WindowsStandalone target not found
Native extension for WebGL target not found
Refreshing native plugins compatible for Editor in 0.51 ms, found 3 plugins.
Preloading 0 native plugins for Editor in 0.00 ms.
Mono: successfully reloaded assembly
- Completed reload, in  0.724 seconds
Domain Reload Profiling:
	ReloadAssembly (724ms)
		BeginReloadAssembly (96ms)
			ExecutionOrderSort (0ms)
			DisableScriptedObjects (5ms)
			BackupInstance (0ms)
			ReleaseScriptingObjects (0ms)
			CreateAndSetChildDomain (29ms)
		EndReloadAssembly (583ms)
			LoadAssemblies (76ms)
			RebuildTransferFunctionScriptingTraits (0ms)
			SetupTypeCache (199ms)
			ReleaseScriptCaches (1ms)
			RebuildScriptCaches (28ms)
			SetupLoadedEditorAssemblies (221ms)
				LogAssemblyErrors (0ms)
				InitializePlatformSupportModulesInManaged (4ms)
				SetLoadedEditorAssemblies (0ms)
				RefreshPlugins (1ms)
				BeforeProcessingInitializeOnLoad (44ms)
				ProcessInitializeOnLoadAttributes (156ms)
				ProcessInitializeOnLoadMethodAttributes (9ms)
				AfterProcessingInitializeOnLoad (6ms)
				EditorAssembliesLoaded (0ms)
			ExecutionOrderSort2 (0ms)
			AwakeInstancesAfterBackupRestoration (7ms)
Platform modules already initialized, skipping
Refreshing native plugins compatible for Editor in 0.51 ms, found 3 plugins.
Preloading 0 native plugins for Editor in 0.00 ms.
Unloading 2196 Unused Serialized files (Serialized files now loaded: 0)
System memory in use before: 100.3 MB.
System memory in use after: 100.3 MB.

Unloading 20 unused Assets to reduce memory usage. Loaded Objects now: 2703.
Total: 3.437100 ms (FindLiveObjects: 0.169500 ms CreateObjectMapping: 0.078700 ms MarkObjects: 2.984300 ms  DeleteObjects: 0.203600 ms)

AssetImportParameters requested are different than current active one (requested -> active):
  custom:framework-win-MediaFoundation: 216162199b28c13a410421893ffa2e32 -> 
  custom:video-decoder-ogg-theora: a1e56fd34408186e4bbccfd4996cb3dc -> 
  custom:container-muxer-webm: aa71ff27fc2769a1b78a27578f13a17b -> 
  custom:container-demuxer-webm: 4f35f7cbe854078d1ac9338744f61a02 -> 
  custom:container-demuxer-ogg: 62fdf1f143b41e24485cea50d1cbac27 -> 
  custom:video-encoder-webm-vp8: eb34c28f22e8b96e1ab97ce403110664 -> 
  custom:video-codec-MediaFoundation-h265: 746d11721c4dcdbdad8f713fa42b33f4 -> 
  custom:video-decoder-webm-vp8: 9c59270c3fd7afecdb556c50c9e8de78 -> 
  custom:audio-decoder-ogg-vorbis: bf7c407c2cedff20999df2af8eb42d56 -> 
  custom:audio-encoder-webm-vorbis: bf7c407c2cedff20999df2af8eb42d56 -> 
========================================================================
Received Import Request.
  Time since last request: 143.568752 seconds.
  path: Assets/Scripts/MapSelection.cs
  artifactKey: Guid(61a318b1bed5c114cb3bc511f5fe3350) Importer(815301076,1909f56bfc062723c751e8b465ee728b)
Start importing Assets/Scripts/MapSelection.cs using Guid(61a318b1bed5c114cb3bc511f5fe3350) Importer(815301076,1909f56bfc062723c751e8b465ee728b)  -> (artifact id: '743629b902081444f7b452dbae588ac9') in 0.008104 seconds 
========================================================================
Received Prepare
Registering precompiled user dll's ...
Registered in 0.002556 seconds.
Begin MonoManager ReloadAssembly
Native extension for WindowsStandalone target not found
Native extension for WebGL target not found
Refreshing native plugins compatible for Editor in 0.51 ms, found 3 plugins.
Preloading 0 native plugins for Editor in 0.00 ms.
Mono: successfully reloaded assembly
- Completed reload, in  0.725 seconds
Domain Reload Profiling:
	ReloadAssembly (726ms)
		BeginReloadAssembly (94ms)
			ExecutionOrderSort (0ms)
			DisableScriptedObjects (5ms)
			BackupInstance (0ms)
			ReleaseScriptingObjects (0ms)
			CreateAndSetChildDomain (27ms)
		EndReloadAssembly (586ms)
			LoadAssemblies (77ms)
			RebuildTransferFunctionScriptingTraits (0ms)
			SetupTypeCache (203ms)
			ReleaseScriptCaches (1ms)
			RebuildScriptCaches (29ms)
			SetupLoadedEditorAssemblies (217ms)
				LogAssemblyErrors (0ms)
				InitializePlatformSupportModulesInManaged (4ms)
				SetLoadedEditorAssemblies (0ms)
				RefreshPlugins (1ms)
				BeforeProcessingInitializeOnLoad (45ms)
				ProcessInitializeOnLoadAttributes (152ms)
				ProcessInitializeOnLoadMethodAttributes (8ms)
				AfterProcessingInitializeOnLoad (6ms)
				EditorAssembliesLoaded (0ms)
			ExecutionOrderSort2 (0ms)
			AwakeInstancesAfterBackupRestoration (6ms)
Platform modules already initialized, skipping
Refreshing native plugins compatible for Editor in 0.57 ms, found 3 plugins.
Preloading 0 native plugins for Editor in 0.00 ms.
Unloading 2196 Unused Serialized files (Serialized files now loaded: 0)
System memory in use before: 100.4 MB.
System memory in use after: 100.3 MB.

Unloading 20 unused Assets to reduce memory usage. Loaded Objects now: 2706.
Total: 2.954600 ms (FindLiveObjects: 0.165500 ms CreateObjectMapping: 0.077300 ms MarkObjects: 2.590700 ms  DeleteObjects: 0.120300 ms)

AssetImportParameters requested are different than current active one (requested -> active):
  custom:framework-win-MediaFoundation: 216162199b28c13a410421893ffa2e32 -> 
  custom:video-decoder-ogg-theora: a1e56fd34408186e4bbccfd4996cb3dc -> 
  custom:container-muxer-webm: aa71ff27fc2769a1b78a27578f13a17b -> 
  custom:container-demuxer-webm: 4f35f7cbe854078d1ac9338744f61a02 -> 
  custom:container-demuxer-ogg: 62fdf1f143b41e24485cea50d1cbac27 -> 
  custom:video-encoder-webm-vp8: eb34c28f22e8b96e1ab97ce403110664 -> 
  custom:video-codec-MediaFoundation-h265: 746d11721c4dcdbdad8f713fa42b33f4 -> 
  custom:video-decoder-webm-vp8: 9c59270c3fd7afecdb556c50c9e8de78 -> 
  custom:audio-decoder-ogg-vorbis: bf7c407c2cedff20999df2af8eb42d56 -> 
  custom:audio-encoder-webm-vorbis: bf7c407c2cedff20999df2af8eb42d56 -> 
========================================================================
Received Prepare
Registering precompiled user dll's ...
Registered in 0.002461 seconds.
Begin MonoManager ReloadAssembly
Native extension for WindowsStandalone target not found
Native extension for WebGL target not found
Refreshing native plugins compatible for Editor in 0.51 ms, found 3 plugins.
Preloading 0 native plugins for Editor in 0.00 ms.
Mono: successfully reloaded assembly
- Completed reload, in  0.703 seconds
Domain Reload Profiling:
	ReloadAssembly (703ms)
		BeginReloadAssembly (95ms)
			ExecutionOrderSort (0ms)
			DisableScriptedObjects (5ms)
			BackupInstance (0ms)
			ReleaseScriptingObjects (0ms)
			CreateAndSetChildDomain (28ms)
		EndReloadAssembly (563ms)
			LoadAssemblies (77ms)
			RebuildTransferFunctionScriptingTraits (0ms)
			SetupTypeCache (184ms)
			ReleaseScriptCaches (1ms)
			RebuildScriptCaches (29ms)
			SetupLoadedEditorAssemblies (218ms)
				LogAssemblyErrors (0ms)
				InitializePlatformSupportModulesInManaged (4ms)
				SetLoadedEditorAssemblies (0ms)
				RefreshPlugins (1ms)
				BeforeProcessingInitializeOnLoad (46ms)
				ProcessInitializeOnLoadAttributes (152ms)
				ProcessInitializeOnLoadMethodAttributes (8ms)
				AfterProcessingInitializeOnLoad (6ms)
				EditorAssembliesLoaded (0ms)
			ExecutionOrderSort2 (0ms)
			AwakeInstancesAfterBackupRestoration (6ms)
Platform modules already initialized, skipping
Refreshing native plugins compatible for Editor in 0.47 ms, found 3 plugins.
Preloading 0 native plugins for Editor in 0.00 ms.
Unloading 2196 Unused Serialized files (Serialized files now loaded: 0)
System memory in use before: 100.4 MB.
System memory in use after: 100.3 MB.

Unloading 20 unused Assets to reduce memory usage. Loaded Objects now: 2709.
Total: 3.238800 ms (FindLiveObjects: 0.157000 ms CreateObjectMapping: 0.070500 ms MarkObjects: 2.892200 ms  DeleteObjects: 0.118400 ms)

AssetImportParameters requested are different than current active one (requested -> active):
  custom:framework-win-MediaFoundation: 216162199b28c13a410421893ffa2e32 -> 
  custom:video-decoder-ogg-theora: a1e56fd34408186e4bbccfd4996cb3dc -> 
  custom:container-muxer-webm: aa71ff27fc2769a1b78a27578f13a17b -> 
  custom:container-demuxer-webm: 4f35f7cbe854078d1ac9338744f61a02 -> 
  custom:container-demuxer-ogg: 62fdf1f143b41e24485cea50d1cbac27 -> 
  custom:video-encoder-webm-vp8: eb34c28f22e8b96e1ab97ce403110664 -> 
  custom:video-codec-MediaFoundation-h265: 746d11721c4dcdbdad8f713fa42b33f4 -> 
  custom:video-decoder-webm-vp8: 9c59270c3fd7afecdb556c50c9e8de78 -> 
  custom:audio-decoder-ogg-vorbis: bf7c407c2cedff20999df2af8eb42d56 -> 
  custom:audio-encoder-webm-vorbis: bf7c407c2cedff20999df2af8eb42d56 -> 
========================================================================
Received Prepare
Registering precompiled user dll's ...
Registered in 0.002458 seconds.
Begin MonoManager ReloadAssembly
Native extension for WindowsStandalone target not found
Native extension for WebGL target not found
Refreshing native plugins compatible for Editor in 0.50 ms, found 3 plugins.
Preloading 0 native plugins for Editor in 0.00 ms.
Mono: successfully reloaded assembly
- Completed reload, in  0.745 seconds
Domain Reload Profiling:
	ReloadAssembly (745ms)
		BeginReloadAssembly (105ms)
			ExecutionOrderSort (0ms)
			DisableScriptedObjects (6ms)
			BackupInstance (0ms)
			ReleaseScriptingObjects (0ms)
			CreateAndSetChildDomain (31ms)
		EndReloadAssembly (589ms)
			LoadAssemblies (84ms)
			RebuildTransferFunctionScriptingTraits (0ms)
			SetupTypeCache (197ms)
			ReleaseScriptCaches (1ms)
			RebuildScriptCaches (30ms)
			SetupLoadedEditorAssemblies (222ms)
				LogAssemblyErrors (0ms)
				InitializePlatformSupportModulesInManaged (4ms)
				SetLoadedEditorAssemblies (0ms)
				RefreshPlugins (1ms)
				BeforeProcessingInitializeOnLoad (46ms)
				ProcessInitializeOnLoadAttributes (156ms)
				ProcessInitializeOnLoadMethodAttributes (8ms)
				AfterProcessingInitializeOnLoad (6ms)
				EditorAssembliesLoaded (0ms)
			ExecutionOrderSort2 (0ms)
			AwakeInstancesAfterBackupRestoration (7ms)
Platform modules already initialized, skipping
Refreshing native plugins compatible for Editor in 0.52 ms, found 3 plugins.
Preloading 0 native plugins for Editor in 0.00 ms.
Unloading 2196 Unused Serialized files (Serialized files now loaded: 0)
System memory in use before: 100.5 MB.
System memory in use after: 100.4 MB.

Unloading 20 unused Assets to reduce memory usage. Loaded Objects now: 2712.
Total: 2.720400 ms (FindLiveObjects: 0.181000 ms CreateObjectMapping: 0.054600 ms MarkObjects: 2.377500 ms  DeleteObjects: 0.106600 ms)

AssetImportParameters requested are different than current active one (requested -> active):
  custom:framework-win-MediaFoundation: 216162199b28c13a410421893ffa2e32 -> 
  custom:video-decoder-ogg-theora: a1e56fd34408186e4bbccfd4996cb3dc -> 
  custom:container-muxer-webm: aa71ff27fc2769a1b78a27578f13a17b -> 
  custom:container-demuxer-webm: 4f35f7cbe854078d1ac9338744f61a02 -> 
  custom:container-demuxer-ogg: 62fdf1f143b41e24485cea50d1cbac27 -> 
  custom:video-encoder-webm-vp8: eb34c28f22e8b96e1ab97ce403110664 -> 
  custom:video-codec-MediaFoundation-h265: 746d11721c4dcdbdad8f713fa42b33f4 -> 
  custom:video-decoder-webm-vp8: 9c59270c3fd7afecdb556c50c9e8de78 -> 
  custom:audio-decoder-ogg-vorbis: bf7c407c2cedff20999df2af8eb42d56 -> 
  custom:audio-encoder-webm-vorbis: bf7c407c2cedff20999df2af8eb42d56 -> 
========================================================================
Received Prepare
Registering precompiled user dll's ...
Registered in 0.002462 seconds.
Begin MonoManager ReloadAssembly
Native extension for WindowsStandalone target not found
Native extension for WebGL target not found
Refreshing native plugins compatible for Editor in 0.51 ms, found 3 plugins.
Preloading 0 native plugins for Editor in 0.00 ms.
Mono: successfully reloaded assembly
- Completed reload, in  0.704 seconds
Domain Reload Profiling:
	ReloadAssembly (704ms)
		BeginReloadAssembly (93ms)
			ExecutionOrderSort (0ms)
			DisableScriptedObjects (5ms)
			BackupInstance (0ms)
			ReleaseScriptingObjects (0ms)
			CreateAndSetChildDomain (28ms)
		EndReloadAssembly (566ms)
			LoadAssemblies (74ms)
			RebuildTransferFunctionScriptingTraits (0ms)
			SetupTypeCache (193ms)
			ReleaseScriptCaches (1ms)
			RebuildScriptCaches (27ms)
			SetupLoadedEditorAssemblies (215ms)
				LogAssemblyErrors (0ms)
				InitializePlatformSupportModulesInManaged (4ms)
				SetLoadedEditorAssemblies (0ms)
				RefreshPlugins (1ms)
				BeforeProcessingInitializeOnLoad (44ms)
				ProcessInitializeOnLoadAttributes (151ms)
				ProcessInitializeOnLoadMethodAttributes (8ms)
				AfterProcessingInitializeOnLoad (5ms)
				EditorAssembliesLoaded (0ms)
			ExecutionOrderSort2 (0ms)
			AwakeInstancesAfterBackupRestoration (7ms)
Platform modules already initialized, skipping
Refreshing native plugins compatible for Editor in 0.50 ms, found 3 plugins.
Preloading 0 native plugins for Editor in 0.00 ms.
Unloading 2196 Unused Serialized files (Serialized files now loaded: 0)
System memory in use before: 100.5 MB.
System memory in use after: 100.5 MB.

Unloading 20 unused Assets to reduce memory usage. Loaded Objects now: 2715.
Total: 2.702400 ms (FindLiveObjects: 0.160500 ms CreateObjectMapping: 0.060600 ms MarkObjects: 2.370000 ms  DeleteObjects: 0.110500 ms)

AssetImportParameters requested are different than current active one (requested -> active):
  custom:framework-win-MediaFoundation: 216162199b28c13a410421893ffa2e32 -> 
  custom:video-decoder-ogg-theora: a1e56fd34408186e4bbccfd4996cb3dc -> 
  custom:container-muxer-webm: aa71ff27fc2769a1b78a27578f13a17b -> 
  custom:container-demuxer-webm: 4f35f7cbe854078d1ac9338744f61a02 -> 
  custom:container-demuxer-ogg: 62fdf1f143b41e24485cea50d1cbac27 -> 
  custom:video-encoder-webm-vp8: eb34c28f22e8b96e1ab97ce403110664 -> 
  custom:video-codec-MediaFoundation-h265: 746d11721c4dcdbdad8f713fa42b33f4 -> 
  custom:video-decoder-webm-vp8: 9c59270c3fd7afecdb556c50c9e8de78 -> 
  custom:audio-decoder-ogg-vorbis: bf7c407c2cedff20999df2af8eb42d56 -> 
  custom:audio-encoder-webm-vorbis: bf7c407c2cedff20999df2af8eb42d56 -> 
========================================================================
Received Prepare
Registering precompiled user dll's ...
Registered in 0.002610 seconds.
Begin MonoManager ReloadAssembly
Native extension for WindowsStandalone target not found
Native extension for WebGL target not found
Refreshing native plugins compatible for Editor in 0.62 ms, found 3 plugins.
Preloading 0 native plugins for Editor in 0.00 ms.
Mono: successfully reloaded assembly
- Completed reload, in  0.740 seconds
Domain Reload Profiling:
	ReloadAssembly (741ms)
		BeginReloadAssembly (103ms)
			ExecutionOrderSort (0ms)
			DisableScriptedObjects (5ms)
			BackupInstance (0ms)
			ReleaseScriptingObjects (0ms)
			CreateAndSetChildDomain (35ms)
		EndReloadAssembly (592ms)
			LoadAssemblies (77ms)
			RebuildTransferFunctionScriptingTraits (0ms)
			SetupTypeCache (198ms)
			ReleaseScriptCaches (1ms)
			RebuildScriptCaches (30ms)
			SetupLoadedEditorAssemblies (228ms)
				LogAssemblyErrors (0ms)
				InitializePlatformSupportModulesInManaged (4ms)
				SetLoadedEditorAssemblies (0ms)
				RefreshPlugins (1ms)
				BeforeProcessingInitializeOnLoad (46ms)
				ProcessInitializeOnLoadAttributes (161ms)
				ProcessInitializeOnLoadMethodAttributes (9ms)
				AfterProcessingInitializeOnLoad (6ms)
				EditorAssembliesLoaded (0ms)
			ExecutionOrderSort2 (0ms)
			AwakeInstancesAfterBackupRestoration (7ms)
Platform modules already initialized, skipping
Refreshing native plugins compatible for Editor in 0.55 ms, found 3 plugins.
Preloading 0 native plugins for Editor in 0.00 ms.
Unloading 2196 Unused Serialized files (Serialized files now loaded: 0)
System memory in use before: 100.5 MB.
System memory in use after: 100.5 MB.

Unloading 20 unused Assets to reduce memory usage. Loaded Objects now: 2718.
Total: 2.951600 ms (FindLiveObjects: 0.195100 ms CreateObjectMapping: 0.101900 ms MarkObjects: 2.537200 ms  DeleteObjects: 0.116500 ms)

AssetImportParameters requested are different than current active one (requested -> active):
  custom:framework-win-MediaFoundation: 216162199b28c13a410421893ffa2e32 -> 
  custom:video-decoder-ogg-theora: a1e56fd34408186e4bbccfd4996cb3dc -> 
  custom:container-muxer-webm: aa71ff27fc2769a1b78a27578f13a17b -> 
  custom:container-demuxer-webm: 4f35f7cbe854078d1ac9338744f61a02 -> 
  custom:container-demuxer-ogg: 62fdf1f143b41e24485cea50d1cbac27 -> 
  custom:video-encoder-webm-vp8: eb34c28f22e8b96e1ab97ce403110664 -> 
  custom:video-codec-MediaFoundation-h265: 746d11721c4dcdbdad8f713fa42b33f4 -> 
  custom:video-decoder-webm-vp8: 9c59270c3fd7afecdb556c50c9e8de78 -> 
  custom:audio-decoder-ogg-vorbis: bf7c407c2cedff20999df2af8eb42d56 -> 
  custom:audio-encoder-webm-vorbis: bf7c407c2cedff20999df2af8eb42d56 -> 
========================================================================
Received Import Request.
  Time since last request: 631.483640 seconds.
  path: Assets/Scripts
  artifactKey: Guid(4e631666bf36cf945a67917a494b0f4a) Importer(815301076,1909f56bfc062723c751e8b465ee728b)
Start importing Assets/Scripts using Guid(4e631666bf36cf945a67917a494b0f4a) Importer(815301076,1909f56bfc062723c751e8b465ee728b)  -> (artifact id: 'b57d2dcedbfce48ad5eb29ab2ea71a3a') in 0.011312 seconds 
========================================================================
Received Prepare
Registering precompiled user dll's ...
Registered in 0.002356 seconds.
Begin MonoManager ReloadAssembly
Native extension for WindowsStandalone target not found
Native extension for WebGL target not found
Refreshing native plugins compatible for Editor in 0.53 ms, found 3 plugins.
Preloading 0 native plugins for Editor in 0.00 ms.
Mono: successfully reloaded assembly
- Completed reload, in  0.791 seconds
Domain Reload Profiling:
	ReloadAssembly (791ms)
		BeginReloadAssembly (96ms)
			ExecutionOrderSort (0ms)
			DisableScriptedObjects (6ms)
			BackupInstance (0ms)
			ReleaseScriptingObjects (0ms)
			CreateAndSetChildDomain (27ms)
		EndReloadAssembly (647ms)
			LoadAssemblies (79ms)
			RebuildTransferFunctionScriptingTraits (0ms)
			SetupTypeCache (220ms)
			ReleaseScriptCaches (1ms)
			RebuildScriptCaches (33ms)
			SetupLoadedEditorAssemblies (244ms)
				LogAssemblyErrors (0ms)
				InitializePlatformSupportModulesInManaged (5ms)
				SetLoadedEditorAssemblies (0ms)
				RefreshPlugins (1ms)
				BeforeProcessingInitializeOnLoad (53ms)
				ProcessInitializeOnLoadAttributes (170ms)
				ProcessInitializeOnLoadMethodAttributes (10ms)
				AfterProcessingInitializeOnLoad (6ms)
				EditorAssembliesLoaded (0ms)
			ExecutionOrderSort2 (0ms)
			AwakeInstancesAfterBackupRestoration (8ms)
Platform modules already initialized, skipping
Refreshing native plugins compatible for Editor in 0.55 ms, found 3 plugins.
Preloading 0 native plugins for Editor in 0.00 ms.
Unloading 2197 Unused Serialized files (Serialized files now loaded: 0)
System memory in use before: 100.5 MB.
System memory in use after: 100.6 MB.

Unloading 20 unused Assets to reduce memory usage. Loaded Objects now: 2722.
Total: 3.076900 ms (FindLiveObjects: 0.184200 ms CreateObjectMapping: 0.081400 ms MarkObjects: 2.689500 ms  DeleteObjects: 0.120800 ms)

AssetImportParameters requested are different than current active one (requested -> active):
  custom:framework-win-MediaFoundation: 216162199b28c13a410421893ffa2e32 -> 
  custom:video-decoder-ogg-theora: a1e56fd34408186e4bbccfd4996cb3dc -> 
  custom:container-muxer-webm: aa71ff27fc2769a1b78a27578f13a17b -> 
  custom:container-demuxer-webm: 4f35f7cbe854078d1ac9338744f61a02 -> 
  custom:container-demuxer-ogg: 62fdf1f143b41e24485cea50d1cbac27 -> 
  custom:video-encoder-webm-vp8: eb34c28f22e8b96e1ab97ce403110664 -> 
  custom:video-codec-MediaFoundation-h265: 746d11721c4dcdbdad8f713fa42b33f4 -> 
  custom:video-decoder-webm-vp8: 9c59270c3fd7afecdb556c50c9e8de78 -> 
  custom:audio-decoder-ogg-vorbis: bf7c407c2cedff20999df2af8eb42d56 -> 
  custom:audio-encoder-webm-vorbis: bf7c407c2cedff20999df2af8eb42d56 -> 
========================================================================
Received Import Request.
  Time since last request: 11.612604 seconds.
  path: Assets/Scripts/UIManager.cs
  artifactKey: Guid(43d0993426c8290459cd248a58978a72) Importer(815301076,1909f56bfc062723c751e8b465ee728b)
Start importing Assets/Scripts/UIManager.cs using Guid(43d0993426c8290459cd248a58978a72) Importer(815301076,1909f56bfc062723c751e8b465ee728b)  -> (artifact id: 'e4bf5cfea95810369ded11d377d8a482') in 0.008195 seconds 
========================================================================
Received Prepare
Registering precompiled user dll's ...
Registered in 0.063575 seconds.
Begin MonoManager ReloadAssembly
Native extension for WindowsStandalone target not found
Native extension for WebGL target not found
Refreshing native plugins compatible for Editor in 0.53 ms, found 3 plugins.
Preloading 0 native plugins for Editor in 0.00 ms.
Mono: successfully reloaded assembly
- Completed reload, in  0.858 seconds
Domain Reload Profiling:
	ReloadAssembly (862ms)
		BeginReloadAssembly (210ms)
			ExecutionOrderSort (0ms)
			DisableScriptedObjects (23ms)
			BackupInstance (0ms)
			ReleaseScriptingObjects (0ms)
			CreateAndSetChildDomain (85ms)
		EndReloadAssembly (601ms)
			LoadAssemblies (103ms)
			RebuildTransferFunctionScriptingTraits (0ms)
			SetupTypeCache (203ms)
			ReleaseScriptCaches (1ms)
			RebuildScriptCaches (29ms)
			SetupLoadedEditorAssemblies (223ms)
				LogAssemblyErrors (0ms)
				InitializePlatformSupportModulesInManaged (4ms)
				SetLoadedEditorAssemblies (1ms)
				RefreshPlugins (1ms)
				BeforeProcessingInitializeOnLoad (45ms)
				ProcessInitializeOnLoadAttributes (158ms)
				ProcessInitializeOnLoadMethodAttributes (8ms)
				AfterProcessingInitializeOnLoad (6ms)
				EditorAssembliesLoaded (0ms)
			ExecutionOrderSort2 (0ms)
			AwakeInstancesAfterBackupRestoration (7ms)
Platform modules already initialized, skipping
Refreshing native plugins compatible for Editor in 0.53 ms, found 3 plugins.
Preloading 0 native plugins for Editor in 0.00 ms.
Unloading 2197 Unused Serialized files (Serialized files now loaded: 0)
System memory in use before: 100.5 MB.
System memory in use after: 100.6 MB.

Unloading 20 unused Assets to reduce memory usage. Loaded Objects now: 2725.
Total: 2.843700 ms (FindLiveObjects: 0.182400 ms CreateObjectMapping: 0.060300 ms MarkObjects: 2.443200 ms  DeleteObjects: 0.156800 ms)

AssetImportParameters requested are different than current active one (requested -> active):
  custom:framework-win-MediaFoundation: 216162199b28c13a410421893ffa2e32 -> 
  custom:video-decoder-ogg-theora: a1e56fd34408186e4bbccfd4996cb3dc -> 
  custom:container-muxer-webm: aa71ff27fc2769a1b78a27578f13a17b -> 
  custom:container-demuxer-webm: 4f35f7cbe854078d1ac9338744f61a02 -> 
  custom:container-demuxer-ogg: 62fdf1f143b41e24485cea50d1cbac27 -> 
  custom:video-encoder-webm-vp8: eb34c28f22e8b96e1ab97ce403110664 -> 
  custom:video-codec-MediaFoundation-h265: 746d11721c4dcdbdad8f713fa42b33f4 -> 
  custom:video-decoder-webm-vp8: 9c59270c3fd7afecdb556c50c9e8de78 -> 
  custom:audio-decoder-ogg-vorbis: bf7c407c2cedff20999df2af8eb42d56 -> 
  custom:audio-encoder-webm-vorbis: bf7c407c2cedff20999df2af8eb42d56 -> 
========================================================================
Received Import Request.
  Time since last request: 37270.923323 seconds.
  path: Assets/Scripts/UIManager.cs
  artifactKey: Guid(43d0993426c8290459cd248a58978a72) Importer(815301076,1909f56bfc062723c751e8b465ee728b)
Start importing Assets/Scripts/UIManager.cs using Guid(43d0993426c8290459cd248a58978a72) Importer(815301076,1909f56bfc062723c751e8b465ee728b)  -> (artifact id: 'df860de301b4b0d540d762c8d6b2f958') in 0.008997 seconds 
========================================================================
Received Import Request.
  Time since last request: 56.785162 seconds.
  path: Assets/Scenes/SampleScene.unity
  artifactKey: Guid(d61f7cd1890b49546ad720a8a0d196e5) Importer(815301076,1909f56bfc062723c751e8b465ee728b)
Start importing Assets/Scenes/SampleScene.unity using Guid(d61f7cd1890b49546ad720a8a0d196e5) Importer(815301076,1909f56bfc062723c751e8b465ee728b)  -> (artifact id: 'ef2a0ab5775af53ee69c72d7e2599384') in 0.009515 seconds 
========================================================================
Received Import Request.
  Time since last request: 15.572217 seconds.
  path: Assets/Scenes/MapSelection.unity
  artifactKey: Guid(2cda990e2423bbf4892e6590ba056729) Importer(815301076,1909f56bfc062723c751e8b465ee728b)
Start importing Assets/Scenes/MapSelection.unity using Guid(2cda990e2423bbf4892e6590ba056729) Importer(815301076,1909f56bfc062723c751e8b465ee728b)  -> (artifact id: '784306dae235203ca522268ec506f3e3') in 0.006866 seconds 
========================================================================
Received Import Request.
  Time since last request: 3.768288 seconds.
  path: Assets/Scenes/SampleScene.unity
  artifactKey: Guid(d61f7cd1890b49546ad720a8a0d196e5) Importer(815301076,1909f56bfc062723c751e8b465ee728b)
Start importing Assets/Scenes/SampleScene.unity using Guid(d61f7cd1890b49546ad720a8a0d196e5) Importer(815301076,1909f56bfc062723c751e8b465ee728b)  -> (artifact id: 'ed1b091c2a0cd6811dda891b54afaaf5') in 0.003203 seconds 
========================================================================
Received Prepare
Registering precompiled user dll's ...
Registered in 0.002676 seconds.
Begin MonoManager ReloadAssembly
Native extension for WindowsStandalone target not found
Native extension for WebGL target not found
Refreshing native plugins compatible for Editor in 0.54 ms, found 3 plugins.
Preloading 0 native plugins for Editor in 0.00 ms.
Mono: successfully reloaded assembly
- Completed reload, in  0.741 seconds
Domain Reload Profiling:
	ReloadAssembly (742ms)
		BeginReloadAssembly (104ms)
			ExecutionOrderSort (0ms)
			DisableScriptedObjects (5ms)
			BackupInstance (0ms)
			ReleaseScriptingObjects (0ms)
			CreateAndSetChildDomain (31ms)
		EndReloadAssembly (589ms)
			LoadAssemblies (85ms)
			RebuildTransferFunctionScriptingTraits (0ms)
			SetupTypeCache (199ms)
			ReleaseScriptCaches (1ms)
			RebuildScriptCaches (29ms)
			SetupLoadedEditorAssemblies (222ms)
				LogAssemblyErrors (0ms)
				InitializePlatformSupportModulesInManaged (4ms)
				SetLoadedEditorAssemblies (0ms)
				RefreshPlugins (1ms)
				BeforeProcessingInitializeOnLoad (44ms)
				ProcessInitializeOnLoadAttributes (157ms)
				ProcessInitializeOnLoadMethodAttributes (9ms)
				AfterProcessingInitializeOnLoad (5ms)
				EditorAssembliesLoaded (0ms)
			ExecutionOrderSort2 (0ms)
			AwakeInstancesAfterBackupRestoration (7ms)
Platform modules already initialized, skipping
Refreshing native plugins compatible for Editor in 0.54 ms, found 3 plugins.
Preloading 0 native plugins for Editor in 0.00 ms.
Unloading 2201 Unused Serialized files (Serialized files now loaded: 0)
System memory in use before: 100.6 MB.
System memory in use after: 100.7 MB.

Unloading 20 unused Assets to reduce memory usage. Loaded Objects now: 2732.
Total: 2.789600 ms (FindLiveObjects: 0.187600 ms CreateObjectMapping: 0.077900 ms MarkObjects: 2.392500 ms  DeleteObjects: 0.130700 ms)

AssetImportParameters requested are different than current active one (requested -> active):
  custom:framework-win-MediaFoundation: 216162199b28c13a410421893ffa2e32 -> 
  custom:video-decoder-ogg-theora: a1e56fd34408186e4bbccfd4996cb3dc -> 
  custom:container-muxer-webm: aa71ff27fc2769a1b78a27578f13a17b -> 
  custom:container-demuxer-webm: 4f35f7cbe854078d1ac9338744f61a02 -> 
  custom:container-demuxer-ogg: 62fdf1f143b41e24485cea50d1cbac27 -> 
  custom:video-encoder-webm-vp8: eb34c28f22e8b96e1ab97ce403110664 -> 
  custom:video-codec-MediaFoundation-h265: 746d11721c4dcdbdad8f713fa42b33f4 -> 
  custom:video-decoder-webm-vp8: 9c59270c3fd7afecdb556c50c9e8de78 -> 
  custom:audio-decoder-ogg-vorbis: bf7c407c2cedff20999df2af8eb42d56 -> 
  custom:audio-encoder-webm-vorbis: bf7c407c2cedff20999df2af8eb42d56 -> 
========================================================================
Received Import Request.
  Time since last request: 198.064898 seconds.
  path: Assets/Palette/Palette.prefab
  artifactKey: Guid(6631933ab6eb0f44ab1f20f1cd8872d6) Importer(815301076,1909f56bfc062723c751e8b465ee728b)
Start importing Assets/Palette/Palette.prefab using Guid(6631933ab6eb0f44ab1f20f1cd8872d6) Importer(815301076,1909f56bfc062723c751e8b465ee728b)  -> (artifact id: '5da19204504b0c554a99ae15e2552c5f') in 0.130963 seconds 
========================================================================
Received Import Request.
  Time since last request: 0.000131 seconds.
  path: Assets/Palette/tiles_spritesheet_14.asset
  artifactKey: Guid(fad6a84683c00d24583e7ceb828af6af) Importer(815301076,1909f56bfc062723c751e8b465ee728b)
Start importing Assets/Palette/tiles_spritesheet_14.asset using Guid(fad6a84683c00d24583e7ceb828af6af) Importer(815301076,1909f56bfc062723c751e8b465ee728b)  -> (artifact id: '620fab8071d1d80c5da255464cdfa991') in 0.024109 seconds 
========================================================================
Received Import Request.
  Time since last request: 0.000157 seconds.
  path: Assets/Palette/tiles_spritesheet_19.asset
  artifactKey: Guid(6ac55791c9f7b134498a8f9c80ca2a3a) Importer(815301076,1909f56bfc062723c751e8b465ee728b)
Start importing Assets/Palette/tiles_spritesheet_19.asset using Guid(6ac55791c9f7b134498a8f9c80ca2a3a) Importer(815301076,1909f56bfc062723c751e8b465ee728b)  -> (artifact id: '8a3c1a30c283e4aef097a2d273466c47') in 0.021072 seconds 
========================================================================
Received Import Request.
  Time since last request: 0.000137 seconds.
  path: Assets/Palette/tiles_spritesheet_31.asset
  artifactKey: Guid(9b95ebf8ad82532478675328d7f82c06) Importer(815301076,1909f56bfc062723c751e8b465ee728b)
Start importing Assets/Palette/tiles_spritesheet_31.asset using Guid(9b95ebf8ad82532478675328d7f82c06) Importer(815301076,1909f56bfc062723c751e8b465ee728b)  -> (artifact id: '641c9b743588086f38eecd603b289e68') in 0.008809 seconds 
========================================================================
Received Import Request.
  Time since last request: 0.000162 seconds.
  path: Assets/Palette/tiles_spritesheet_1.asset
  artifactKey: Guid(59c2fbd3cc0dedd49af2c73f97381ac2) Importer(815301076,1909f56bfc062723c751e8b465ee728b)
Start importing Assets/Palette/tiles_spritesheet_1.asset using Guid(59c2fbd3cc0dedd49af2c73f97381ac2) Importer(815301076,1909f56bfc062723c751e8b465ee728b)  -> (artifact id: '04147a88ced91a8e196640db98569c22') in 0.008818 seconds 
========================================================================
Received Import Request.
  Time since last request: 0.000156 seconds.
  path: Assets/Palette/tiles_spritesheet_25.asset
  artifactKey: Guid(62a8d556681fd904cbf6bcd8d73f22ff) Importer(815301076,1909f56bfc062723c751e8b465ee728b)
Start importing Assets/Palette/tiles_spritesheet_25.asset using Guid(62a8d556681fd904cbf6bcd8d73f22ff) Importer(815301076,1909f56bfc062723c751e8b465ee728b)  -> (artifact id: 'f7c202d18f790931bb2d399ef56d8d83') in 0.009255 seconds 
========================================================================
Received Import Request.
  Time since last request: 0.000256 seconds.
  path: Assets/Palette/tiles_spritesheet_16.asset
  artifactKey: Guid(566547cc383a1e54aad46131a625360f) Importer(815301076,1909f56bfc062723c751e8b465ee728b)
Start importing Assets/Palette/tiles_spritesheet_16.asset using Guid(566547cc383a1e54aad46131a625360f) Importer(815301076,1909f56bfc062723c751e8b465ee728b)  -> (artifact id: 'e11987b2e388684659085e10f959422d') in 0.010645 seconds 
========================================================================
Received Import Request.
  Time since last request: 0.000159 seconds.
  path: Assets/Palette/tiles_spritesheet_0.asset
  artifactKey: Guid(832c9eb0b5555d94fa02db50d45e9d9c) Importer(815301076,1909f56bfc062723c751e8b465ee728b)
Start importing Assets/Palette/tiles_spritesheet_0.asset using Guid(832c9eb0b5555d94fa02db50d45e9d9c) Importer(815301076,1909f56bfc062723c751e8b465ee728b)  -> (artifact id: '4021dfbe7173d74a8323b3fbefc2d7c6') in 0.008869 seconds 
========================================================================
Received Import Request.
  Time since last request: 0.000175 seconds.
  path: Assets/Palette/tiles_spritesheet_17.asset
  artifactKey: Guid(e00fd265d0070c44d9b72e699b8837bc) Importer(815301076,1909f56bfc062723c751e8b465ee728b)
Start importing Assets/Palette/tiles_spritesheet_17.asset using Guid(e00fd265d0070c44d9b72e699b8837bc) Importer(815301076,1909f56bfc062723c751e8b465ee728b)  -> (artifact id: '00f0c448d7dc42aefdb0695fd4e6d395') in 0.009591 seconds 
========================================================================
Received Import Request.
  Time since last request: 0.000159 seconds.
  path: Assets/Palette/tiles_spritesheet_15.asset
  artifactKey: Guid(cbd739d07c894b04c8e04adb4f1a9c6f) Importer(815301076,1909f56bfc062723c751e8b465ee728b)
Start importing Assets/Palette/tiles_spritesheet_15.asset using Guid(cbd739d07c894b04c8e04adb4f1a9c6f) Importer(815301076,1909f56bfc062723c751e8b465ee728b)  -> (artifact id: 'a22840930a7858302c83e38f65afc128') in 0.008559 seconds 
========================================================================
Received Import Request.
  Time since last request: 0.000142 seconds.
  path: Assets/Palette/tiles_spritesheet_18.asset
  artifactKey: Guid(e1fb3711bea5dcf4c99a0fedb7be042f) Importer(815301076,1909f56bfc062723c751e8b465ee728b)
Start importing Assets/Palette/tiles_spritesheet_18.asset using Guid(e1fb3711bea5dcf4c99a0fedb7be042f) Importer(815301076,1909f56bfc062723c751e8b465ee728b)  -> (artifact id: '8ae45f78cf251b76192aa274e488516b') in 0.009206 seconds 
========================================================================
Received Import Request.
  Time since last request: 0.000123 seconds.
  path: Assets/Palette/tiles_spritesheet_27.asset
  artifactKey: Guid(1a1a6dd533cf67b4f9c8e62f4d08ee4d) Importer(815301076,1909f56bfc062723c751e8b465ee728b)
Start importing Assets/Palette/tiles_spritesheet_27.asset using Guid(1a1a6dd533cf67b4f9c8e62f4d08ee4d) Importer(815301076,1909f56bfc062723c751e8b465ee728b)  -> (artifact id: '9049ba8d97634be68478555f43273e09') in 0.015716 seconds 
========================================================================
Received Import Request.
  Time since last request: 0.000136 seconds.
  path: Assets/Palette/tiles_spritesheet_4.asset
  artifactKey: Guid(86306158f08942d438a65e3ea9ec64a4) Importer(815301076,1909f56bfc062723c751e8b465ee728b)
Start importing Assets/Palette/tiles_spritesheet_4.asset using Guid(86306158f08942d438a65e3ea9ec64a4) Importer(815301076,1909f56bfc062723c751e8b465ee728b)  -> (artifact id: 'c26efc1fb88e3d0d4e9d52316293e8d4') in 0.009004 seconds 
========================================================================
Received Import Request.
  Time since last request: 0.000176 seconds.
  path: Assets/Palette/tiles_spritesheet_7.asset
  artifactKey: Guid(16f1d5d7bf03afa42bd45340c9225ade) Importer(815301076,1909f56bfc062723c751e8b465ee728b)
Start importing Assets/Palette/tiles_spritesheet_7.asset using Guid(16f1d5d7bf03afa42bd45340c9225ade) Importer(815301076,1909f56bfc062723c751e8b465ee728b)  -> (artifact id: 'a59b15097baa0943f2e8e57f5eb1495e') in 0.010527 seconds 
========================================================================
Received Import Request.
  Time since last request: 0.000139 seconds.
  path: Assets/Palette/tiles_spritesheet_22.asset
  artifactKey: Guid(28f122041cf6a3a46906731d2bf3f3bf) Importer(815301076,1909f56bfc062723c751e8b465ee728b)
Start importing Assets/Palette/tiles_spritesheet_22.asset using Guid(28f122041cf6a3a46906731d2bf3f3bf) Importer(815301076,1909f56bfc062723c751e8b465ee728b)  -> (artifact id: '6244bd092cb537907615ed3351e9be7e') in 0.008656 seconds 
========================================================================
Received Import Request.
  Time since last request: 0.000217 seconds.
  path: Assets/Palette/tiles_spritesheet_20.asset
  artifactKey: Guid(9727f3fc130f4c34b9e8d9210379e03c) Importer(815301076,1909f56bfc062723c751e8b465ee728b)
Start importing Assets/Palette/tiles_spritesheet_20.asset using Guid(9727f3fc130f4c34b9e8d9210379e03c) Importer(815301076,1909f56bfc062723c751e8b465ee728b)  -> (artifact id: 'c5470bab80954d34d76466537062ae6d') in 0.010500 seconds 
========================================================================
Received Import Request.
  Time since last request: 0.000140 seconds.
  path: Assets/Palette/tiles_spritesheet_5.asset
  artifactKey: Guid(dcbe994219ec02f4f9bd9a72bb825a28) Importer(815301076,1909f56bfc062723c751e8b465ee728b)
Start importing Assets/Palette/tiles_spritesheet_5.asset using Guid(dcbe994219ec02f4f9bd9a72bb825a28) Importer(815301076,1909f56bfc062723c751e8b465ee728b)  -> (artifact id: '051c386c50de5d733fc59836696f504c') in 0.008922 seconds 
========================================================================
Received Import Request.
  Time since last request: 0.000189 seconds.
  path: Assets/Palette/tiles_spritesheet_23.asset
  artifactKey: Guid(2a2bb5e2b1bf3f0428e555e7ac54344b) Importer(815301076,1909f56bfc062723c751e8b465ee728b)
Start importing Assets/Palette/tiles_spritesheet_23.asset using Guid(2a2bb5e2b1bf3f0428e555e7ac54344b) Importer(815301076,1909f56bfc062723c751e8b465ee728b)  -> (artifact id: 'a85b9eab1bb668b05234bcfb9e0facbf') in 0.009334 seconds 
========================================================================
Received Import Request.
  Time since last request: 0.000134 seconds.
  path: Assets/Palette/tiles_spritesheet_28.asset
  artifactKey: Guid(4fd1b5526d3aa9d4a8d3d6f963cc9a3a) Importer(815301076,1909f56bfc062723c751e8b465ee728b)
Start importing Assets/Palette/tiles_spritesheet_28.asset using Guid(4fd1b5526d3aa9d4a8d3d6f963cc9a3a) Importer(815301076,1909f56bfc062723c751e8b465ee728b)  -> (artifact id: 'e76cc811e0731cebcd5bc0034ef34da2') in 0.008822 seconds 
========================================================================
Received Import Request.
  Time since last request: 0.000157 seconds.
  path: Assets/Palette/tiles_spritesheet_3.asset
  artifactKey: Guid(0efbbd303745f4a4d91e36b953085a7f) Importer(815301076,1909f56bfc062723c751e8b465ee728b)
Start importing Assets/Palette/tiles_spritesheet_3.asset using Guid(0efbbd303745f4a4d91e36b953085a7f) Importer(815301076,1909f56bfc062723c751e8b465ee728b)  -> (artifact id: '48ca34d7dcb24371a6ca13585153baaf') in 0.008810 seconds 
========================================================================
Received Import Request.
  Time since last request: 0.000238 seconds.
  path: Assets/Palette/tiles_spritesheet_21.asset
  artifactKey: Guid(f7c2b690d764b3945af4506abb6149c7) Importer(815301076,1909f56bfc062723c751e8b465ee728b)
Start importing Assets/Palette/tiles_spritesheet_21.asset using Guid(f7c2b690d764b3945af4506abb6149c7) Importer(815301076,1909f56bfc062723c751e8b465ee728b)  -> (artifact id: 'baf7867b662b5d8608bf1d0a02624c1b') in 0.008986 seconds 
========================================================================
Received Import Request.
  Time since last request: 0.000176 seconds.
  path: Assets/Palette/tiles_spritesheet_26.asset
  artifactKey: Guid(d2bcfa6bfa1508540a2f67fbab75bb20) Importer(815301076,1909f56bfc062723c751e8b465ee728b)
Start importing Assets/Palette/tiles_spritesheet_26.asset using Guid(d2bcfa6bfa1508540a2f67fbab75bb20) Importer(815301076,1909f56bfc062723c751e8b465ee728b)  -> (artifact id: 'd62ecb32c4dc75ee8f0a52e429455fd6') in 0.010195 seconds 
========================================================================
Received Import Request.
  Time since last request: 0.000181 seconds.
  path: Assets/Palette/tiles_spritesheet_32.asset
  artifactKey: Guid(ddcfecda0a65d444ea747b10e297cfb1) Importer(815301076,1909f56bfc062723c751e8b465ee728b)
Start importing Assets/Palette/tiles_spritesheet_32.asset using Guid(ddcfecda0a65d444ea747b10e297cfb1) Importer(815301076,1909f56bfc062723c751e8b465ee728b)  -> (artifact id: 'a33437d805980a4d07b550b41dabe7d1') in 0.008989 seconds 
========================================================================
Received Import Request.
  Time since last request: 0.000221 seconds.
  path: Assets/Palette/tiles_spritesheet_29.asset
  artifactKey: Guid(291af0b96c0369f4080366bfb2a354ab) Importer(815301076,1909f56bfc062723c751e8b465ee728b)
Start importing Assets/Palette/tiles_spritesheet_29.asset using Guid(291af0b96c0369f4080366bfb2a354ab) Importer(815301076,1909f56bfc062723c751e8b465ee728b)  -> (artifact id: 'f30426c87e16740d917bf78ce847e8c4') in 0.009748 seconds 
========================================================================
Received Import Request.
  Time since last request: 0.000201 seconds.
  path: Assets/Palette/tiles_spritesheet_2.asset
  artifactKey: Guid(b7609c725d7f86941bbc2b193677cf0f) Importer(815301076,1909f56bfc062723c751e8b465ee728b)
Start importing Assets/Palette/tiles_spritesheet_2.asset using Guid(b7609c725d7f86941bbc2b193677cf0f) Importer(815301076,1909f56bfc062723c751e8b465ee728b)  -> (artifact id: '6a4976a8fb767ab013e9e9eccb985276') in 0.010199 seconds 
========================================================================
Received Import Request.
  Time since last request: 0.000161 seconds.
  path: Assets/Palette/tiles_spritesheet_6.asset
  artifactKey: Guid(3474e8945430c9744a2910e966ca21b2) Importer(815301076,1909f56bfc062723c751e8b465ee728b)
Start importing Assets/Palette/tiles_spritesheet_6.asset using Guid(3474e8945430c9744a2910e966ca21b2) Importer(815301076,1909f56bfc062723c751e8b465ee728b)  -> (artifact id: '5740604ee62265b707a0343ea7a98196') in 0.009518 seconds 
========================================================================
Received Import Request.
  Time since last request: 0.000172 seconds.
  path: Assets/Palette/tiles_spritesheet_10.asset
  artifactKey: Guid(e4097cd53c928db4e8336caf9d971873) Importer(815301076,1909f56bfc062723c751e8b465ee728b)
Start importing Assets/Palette/tiles_spritesheet_10.asset using Guid(e4097cd53c928db4e8336caf9d971873) Importer(815301076,1909f56bfc062723c751e8b465ee728b)  -> (artifact id: 'b2a4a25dbcc7e96a2b134cd52bbab379') in 0.008625 seconds 
========================================================================
Received Import Request.
  Time since last request: 0.000190 seconds.
  path: Assets/Palette/tiles_spritesheet_9.asset
  artifactKey: Guid(8b3ad0e28a90c04449fe969cb9e88f62) Importer(815301076,1909f56bfc062723c751e8b465ee728b)
Start importing Assets/Palette/tiles_spritesheet_9.asset using Guid(8b3ad0e28a90c04449fe969cb9e88f62) Importer(815301076,1909f56bfc062723c751e8b465ee728b)  -> (artifact id: '20241c39263e325d41b4e04cdd32066d') in 0.009666 seconds 
========================================================================
Received Import Request.
  Time since last request: 0.000177 seconds.
  path: Assets/Palette/tiles_spritesheet_30.asset
  artifactKey: Guid(9b353d14bbe68ef4b92ece05b343d041) Importer(815301076,1909f56bfc062723c751e8b465ee728b)
Start importing Assets/Palette/tiles_spritesheet_30.asset using Guid(9b353d14bbe68ef4b92ece05b343d041) Importer(815301076,1909f56bfc062723c751e8b465ee728b)  -> (artifact id: '6ec4f8f7fe020ce82648f66b62c7facf') in 0.009059 seconds 
========================================================================
Received Import Request.
  Time since last request: 0.000177 seconds.
  path: Assets/Palette/tiles_spritesheet_8.asset
  artifactKey: Guid(d040506919507b246a413e039003e80d) Importer(815301076,1909f56bfc062723c751e8b465ee728b)
Start importing Assets/Palette/tiles_spritesheet_8.asset using Guid(d040506919507b246a413e039003e80d) Importer(815301076,1909f56bfc062723c751e8b465ee728b)  -> (artifact id: '6cf7acff638865152f4e127e59caa896') in 0.008691 seconds 
========================================================================
Received Import Request.
  Time since last request: 0.000197 seconds.
  path: Assets/Palette/tiles_spritesheet_24.asset
  artifactKey: Guid(31abf0ee08890ca4a8ec2fa92e73b4d7) Importer(815301076,1909f56bfc062723c751e8b465ee728b)
Start importing Assets/Palette/tiles_spritesheet_24.asset using Guid(31abf0ee08890ca4a8ec2fa92e73b4d7) Importer(815301076,1909f56bfc062723c751e8b465ee728b)  -> (artifact id: 'd1b858bf9a41af5dac9a7b69d923290a') in 0.009664 seconds 
========================================================================
Received Import Request.
  Time since last request: 0.000159 seconds.
  path: Assets/Palette/tiles_spritesheet_11.asset
  artifactKey: Guid(c60895bc24eed284c9183f6a8776196a) Importer(815301076,1909f56bfc062723c751e8b465ee728b)
Start importing Assets/Palette/tiles_spritesheet_11.asset using Guid(c60895bc24eed284c9183f6a8776196a) Importer(815301076,1909f56bfc062723c751e8b465ee728b)  -> (artifact id: '0985ce7ed538ed7a4bdc40d7b218507e') in 0.009920 seconds 
========================================================================
Received Import Request.
  Time since last request: 0.000129 seconds.
  path: Assets/Palette/tiles_spritesheet_13.asset
  artifactKey: Guid(60194281f438c6b4483d5f258210abf4) Importer(815301076,1909f56bfc062723c751e8b465ee728b)
Start importing Assets/Palette/tiles_spritesheet_13.asset using Guid(60194281f438c6b4483d5f258210abf4) Importer(815301076,1909f56bfc062723c751e8b465ee728b)  -> (artifact id: '0202395193066a46d6e6e10ffd57c7ed') in 0.009104 seconds 
========================================================================
Received Import Request.
  Time since last request: 21.981654 seconds.
  path: Assets/Animations
  artifactKey: Guid(3f5b955492ac87b40a237573bb909d4e) Importer(815301076,1909f56bfc062723c751e8b465ee728b)
Start importing Assets/Animations using Guid(3f5b955492ac87b40a237573bb909d4e) Importer(815301076,1909f56bfc062723c751e8b465ee728b)  -> (artifact id: '134d9aef54585d168c576d68f15ab059') in 0.005438 seconds 
========================================================================
Received Import Request.
  Time since last request: 33.663196 seconds.
  path: Assets/Scenes/SampleScene.unity
  artifactKey: Guid(d61f7cd1890b49546ad720a8a0d196e5) Importer(815301076,1909f56bfc062723c751e8b465ee728b)
Start importing Assets/Scenes/SampleScene.unity using Guid(d61f7cd1890b49546ad720a8a0d196e5) Importer(815301076,1909f56bfc062723c751e8b465ee728b)  -> (artifact id: '257391f480aab1e31c7ef64c05b5bc7b') in 0.006717 seconds 
========================================================================
Received Prepare
Registering precompiled user dll's ...
Registered in 0.004316 seconds.
Begin MonoManager ReloadAssembly
Native extension for WindowsStandalone target not found
Native extension for WebGL target not found
Refreshing native plugins compatible for Editor in 0.55 ms, found 3 plugins.
Preloading 0 native plugins for Editor in 0.00 ms.
Mono: successfully reloaded assembly
- Completed reload, in  0.755 seconds
Domain Reload Profiling:
	ReloadAssembly (756ms)
		BeginReloadAssembly (105ms)
			ExecutionOrderSort (0ms)
			DisableScriptedObjects (5ms)
			BackupInstance (0ms)
			ReleaseScriptingObjects (0ms)
			CreateAndSetChildDomain (34ms)
		EndReloadAssembly (599ms)
			LoadAssemblies (81ms)
			RebuildTransferFunctionScriptingTraits (0ms)
			SetupTypeCache (193ms)
			ReleaseScriptCaches (2ms)
			RebuildScriptCaches (32ms)
			SetupLoadedEditorAssemblies (227ms)
				LogAssemblyErrors (0ms)
				InitializePlatformSupportModulesInManaged (4ms)
				SetLoadedEditorAssemblies (0ms)
				RefreshPlugins (1ms)
				BeforeProcessingInitializeOnLoad (45ms)
				ProcessInitializeOnLoadAttributes (162ms)
				ProcessInitializeOnLoadMethodAttributes (8ms)
				AfterProcessingInitializeOnLoad (6ms)
				EditorAssembliesLoaded (0ms)
			ExecutionOrderSort2 (0ms)
			AwakeInstancesAfterBackupRestoration (7ms)
Platform modules already initialized, skipping
Refreshing native plugins compatible for Editor in 0.54 ms, found 3 plugins.
Preloading 0 native plugins for Editor in 0.00 ms.
Unloading 2201 Unused Serialized files (Serialized files now loaded: 0)
System memory in use before: 100.8 MB.
System memory in use after: 100.9 MB.

Unloading 20 unused Assets to reduce memory usage. Loaded Objects now: 2739.
Total: 3.226900 ms (FindLiveObjects: 0.201500 ms CreateObjectMapping: 0.107800 ms MarkObjects: 2.795500 ms  DeleteObjects: 0.121200 ms)

AssetImportParameters requested are different than current active one (requested -> active):
  custom:framework-win-MediaFoundation: 216162199b28c13a410421893ffa2e32 -> 
  custom:video-decoder-ogg-theora: a1e56fd34408186e4bbccfd4996cb3dc -> 
  custom:container-muxer-webm: aa71ff27fc2769a1b78a27578f13a17b -> 
  custom:container-demuxer-webm: 4f35f7cbe854078d1ac9338744f61a02 -> 
  custom:container-demuxer-ogg: 62fdf1f143b41e24485cea50d1cbac27 -> 
  custom:video-encoder-webm-vp8: eb34c28f22e8b96e1ab97ce403110664 -> 
  custom:video-codec-MediaFoundation-h265: 746d11721c4dcdbdad8f713fa42b33f4 -> 
  custom:video-decoder-webm-vp8: 9c59270c3fd7afecdb556c50c9e8de78 -> 
  custom:audio-decoder-ogg-vorbis: bf7c407c2cedff20999df2af8eb42d56 -> 
  custom:audio-encoder-webm-vorbis: bf7c407c2cedff20999df2af8eb42d56 -> 
========================================================================
Received Prepare
Registering precompiled user dll's ...
Registered in 0.002887 seconds.
Begin MonoManager ReloadAssembly
Native extension for WindowsStandalone target not found
Native extension for WebGL target not found
Refreshing native plugins compatible for Editor in 1.08 ms, found 3 plugins.
Preloading 0 native plugins for Editor in 0.00 ms.
Mono: successfully reloaded assembly
- Completed reload, in  0.749 seconds
Domain Reload Profiling:
	ReloadAssembly (749ms)
		BeginReloadAssembly (104ms)
			ExecutionOrderSort (0ms)
			DisableScriptedObjects (5ms)
			BackupInstance (0ms)
			ReleaseScriptingObjects (0ms)
			CreateAndSetChildDomain (34ms)
		EndReloadAssembly (599ms)
			LoadAssemblies (81ms)
			RebuildTransferFunctionScriptingTraits (0ms)
			SetupTypeCache (196ms)
			ReleaseScriptCaches (1ms)
			RebuildScriptCaches (30ms)
			SetupLoadedEditorAssemblies (229ms)
				LogAssemblyErrors (0ms)
				InitializePlatformSupportModulesInManaged (5ms)
				SetLoadedEditorAssemblies (1ms)
				RefreshPlugins (1ms)
				BeforeProcessingInitializeOnLoad (48ms)
				ProcessInitializeOnLoadAttributes (159ms)
				ProcessInitializeOnLoadMethodAttributes (9ms)
				AfterProcessingInitializeOnLoad (7ms)
				EditorAssembliesLoaded (0ms)
			ExecutionOrderSort2 (0ms)
			AwakeInstancesAfterBackupRestoration (8ms)
Platform modules already initialized, skipping
Refreshing native plugins compatible for Editor in 0.55 ms, found 3 plugins.
Preloading 0 native plugins for Editor in 0.00 ms.
Unloading 2201 Unused Serialized files (Serialized files now loaded: 0)
System memory in use before: 100.8 MB.
System memory in use after: 100.9 MB.

Unloading 20 unused Assets to reduce memory usage. Loaded Objects now: 2742.
Total: 3.096200 ms (FindLiveObjects: 0.204300 ms CreateObjectMapping: 0.064500 ms MarkObjects: 2.698700 ms  DeleteObjects: 0.127300 ms)

AssetImportParameters requested are different than current active one (requested -> active):
  custom:framework-win-MediaFoundation: 216162199b28c13a410421893ffa2e32 -> 
  custom:video-decoder-ogg-theora: a1e56fd34408186e4bbccfd4996cb3dc -> 
  custom:container-muxer-webm: aa71ff27fc2769a1b78a27578f13a17b -> 
  custom:container-demuxer-webm: 4f35f7cbe854078d1ac9338744f61a02 -> 
  custom:container-demuxer-ogg: 62fdf1f143b41e24485cea50d1cbac27 -> 
  custom:video-encoder-webm-vp8: eb34c28f22e8b96e1ab97ce403110664 -> 
  custom:video-codec-MediaFoundation-h265: 746d11721c4dcdbdad8f713fa42b33f4 -> 
  custom:video-decoder-webm-vp8: 9c59270c3fd7afecdb556c50c9e8de78 -> 
  custom:audio-decoder-ogg-vorbis: bf7c407c2cedff20999df2af8eb42d56 -> 
  custom:audio-encoder-webm-vorbis: bf7c407c2cedff20999df2af8eb42d56 -> 
========================================================================
Received Import Request.
  Time since last request: 442.781415 seconds.
  path: Assets/Scripts/GruntScript.cs
  artifactKey: Guid(2531801f96185524babb19b55188cb72) Importer(815301076,1909f56bfc062723c751e8b465ee728b)
Start importing Assets/Scripts/GruntScript.cs using Guid(2531801f96185524babb19b55188cb72) Importer(815301076,1909f56bfc062723c751e8b465ee728b)  -> (artifact id: '5cf18f3af279808f7af77e809e5728d4') in 0.008070 seconds 
========================================================================
Received Import Request.
  Time since last request: 0.135087 seconds.
  path: Assets/Scripts/BulletScript.cs
  artifactKey: Guid(86457dd473b87d243bc07ad43e4bd037) Importer(815301076,1909f56bfc062723c751e8b465ee728b)
Start importing Assets/Scripts/BulletScript.cs using Guid(86457dd473b87d243bc07ad43e4bd037) Importer(815301076,1909f56bfc062723c751e8b465ee728b)  -> (artifact id: '990789389a3f0f1233259f664b92d2be') in 0.005459 seconds 
========================================================================
Received Import Request.
  Time since last request: 319.787711 seconds.
  path: Assets/Bullet.prefab
  artifactKey: Guid(e5d74ecd2597dcc4d9199a9556a01357) Importer(815301076,1909f56bfc062723c751e8b465ee728b)
Start importing Assets/Bullet.prefab using Guid(e5d74ecd2597dcc4d9199a9556a01357) Importer(815301076,1909f56bfc062723c751e8b465ee728b)  -> (artifact id: '05bc3f76b2f749c4b9009fd736dd2a0e') in 0.066387 seconds 
========================================================================
Received Prepare
Registering precompiled user dll's ...
Registered in 0.002610 seconds.
Begin MonoManager ReloadAssembly
Native extension for WindowsStandalone target not found
Native extension for WebGL target not found
Refreshing native plugins compatible for Editor in 0.58 ms, found 3 plugins.
Preloading 0 native plugins for Editor in 0.00 ms.
Mono: successfully reloaded assembly
- Completed reload, in  0.727 seconds
Domain Reload Profiling:
	ReloadAssembly (727ms)
		BeginReloadAssembly (101ms)
			ExecutionOrderSort (0ms)
			DisableScriptedObjects (5ms)
			BackupInstance (0ms)
			ReleaseScriptingObjects (0ms)
			CreateAndSetChildDomain (31ms)
		EndReloadAssembly (578ms)
			LoadAssemblies (78ms)
			RebuildTransferFunctionScriptingTraits (0ms)
			SetupTypeCache (191ms)
			ReleaseScriptCaches (1ms)
			RebuildScriptCaches (29ms)
			SetupLoadedEditorAssemblies (222ms)
				LogAssemblyErrors (0ms)
				InitializePlatformSupportModulesInManaged (4ms)
				SetLoadedEditorAssemblies (0ms)
				RefreshPlugins (1ms)
				BeforeProcessingInitializeOnLoad (45ms)
				ProcessInitializeOnLoadAttributes (157ms)
				ProcessInitializeOnLoadMethodAttributes (9ms)
				AfterProcessingInitializeOnLoad (5ms)
				EditorAssembliesLoaded (0ms)
			ExecutionOrderSort2 (0ms)
			AwakeInstancesAfterBackupRestoration (7ms)
Platform modules already initialized, skipping
Refreshing native plugins compatible for Editor in 0.58 ms, found 3 plugins.
Preloading 0 native plugins for Editor in 0.00 ms.
Unloading 2201 Unused Serialized files (Serialized files now loaded: 0)
System memory in use before: 100.8 MB.
System memory in use after: 100.9 MB.

Unloading 20 unused Assets to reduce memory usage. Loaded Objects now: 2746.
Total: 2.910200 ms (FindLiveObjects: 0.202200 ms CreateObjectMapping: 0.094700 ms MarkObjects: 2.497400 ms  DeleteObjects: 0.115300 ms)

AssetImportParameters requested are different than current active one (requested -> active):
  custom:framework-win-MediaFoundation: 216162199b28c13a410421893ffa2e32 -> 
  custom:video-decoder-ogg-theora: a1e56fd34408186e4bbccfd4996cb3dc -> 
  custom:container-muxer-webm: aa71ff27fc2769a1b78a27578f13a17b -> 
  custom:container-demuxer-webm: 4f35f7cbe854078d1ac9338744f61a02 -> 
  custom:container-demuxer-ogg: 62fdf1f143b41e24485cea50d1cbac27 -> 
  custom:video-encoder-webm-vp8: eb34c28f22e8b96e1ab97ce403110664 -> 
  custom:video-codec-MediaFoundation-h265: 746d11721c4dcdbdad8f713fa42b33f4 -> 
  custom:video-decoder-webm-vp8: 9c59270c3fd7afecdb556c50c9e8de78 -> 
  custom:audio-decoder-ogg-vorbis: bf7c407c2cedff20999df2af8eb42d56 -> 
  custom:audio-encoder-webm-vorbis: bf7c407c2cedff20999df2af8eb42d56 -> 
========================================================================
Received Prepare
Registering precompiled user dll's ...
Registered in 0.002735 seconds.
Begin MonoManager ReloadAssembly
Native extension for WindowsStandalone target not found
Native extension for WebGL target not found
Refreshing native plugins compatible for Editor in 0.54 ms, found 3 plugins.
Preloading 0 native plugins for Editor in 0.00 ms.
Mono: successfully reloaded assembly
- Completed reload, in  0.753 seconds
Domain Reload Profiling:
	ReloadAssembly (753ms)
		BeginReloadAssembly (109ms)
			ExecutionOrderSort (0ms)
			DisableScriptedObjects (5ms)
			BackupInstance (0ms)
			ReleaseScriptingObjects (0ms)
			CreateAndSetChildDomain (34ms)
		EndReloadAssembly (597ms)
			LoadAssemblies (86ms)
			RebuildTransferFunctionScriptingTraits (0ms)
			SetupTypeCache (204ms)
			ReleaseScriptCaches (1ms)
			RebuildScriptCaches (30ms)
			SetupLoadedEditorAssemblies (222ms)
				LogAssemblyErrors (0ms)
				InitializePlatformSupportModulesInManaged (4ms)
				SetLoadedEditorAssemblies (0ms)
				RefreshPlugins (1ms)
				BeforeProcessingInitializeOnLoad (46ms)
				ProcessInitializeOnLoadAttributes (156ms)
				ProcessInitializeOnLoadMethodAttributes (9ms)
				AfterProcessingInitializeOnLoad (6ms)
				EditorAssembliesLoaded (0ms)
			ExecutionOrderSort2 (0ms)
			AwakeInstancesAfterBackupRestoration (8ms)
Platform modules already initialized, skipping
Refreshing native plugins compatible for Editor in 0.76 ms, found 3 plugins.
Preloading 0 native plugins for Editor in 0.00 ms.
Unloading 2201 Unused Serialized files (Serialized files now loaded: 0)
System memory in use before: 100.8 MB.
System memory in use after: 100.9 MB.

Unloading 20 unused Assets to reduce memory usage. Loaded Objects now: 2749.
Total: 3.651000 ms (FindLiveObjects: 0.282000 ms CreateObjectMapping: 0.153000 ms MarkObjects: 3.097000 ms  DeleteObjects: 0.118100 ms)

AssetImportParameters requested are different than current active one (requested -> active):
  custom:framework-win-MediaFoundation: 216162199b28c13a410421893ffa2e32 -> 
  custom:video-decoder-ogg-theora: a1e56fd34408186e4bbccfd4996cb3dc -> 
  custom:container-muxer-webm: aa71ff27fc2769a1b78a27578f13a17b -> 
  custom:container-demuxer-webm: 4f35f7cbe854078d1ac9338744f61a02 -> 
  custom:container-demuxer-ogg: 62fdf1f143b41e24485cea50d1cbac27 -> 
  custom:video-encoder-webm-vp8: eb34c28f22e8b96e1ab97ce403110664 -> 
  custom:video-codec-MediaFoundation-h265: 746d11721c4dcdbdad8f713fa42b33f4 -> 
  custom:video-decoder-webm-vp8: 9c59270c3fd7afecdb556c50c9e8de78 -> 
  custom:audio-decoder-ogg-vorbis: bf7c407c2cedff20999df2af8eb42d56 -> 
  custom:audio-encoder-webm-vorbis: bf7c407c2cedff20999df2af8eb42d56 -> 
========================================================================
Received Import Request.
  Time since last request: 54071.957251 seconds.
  path: Assets/Scenes/SampleScene.unity
  artifactKey: Guid(d61f7cd1890b49546ad720a8a0d196e5) Importer(815301076,1909f56bfc062723c751e8b465ee728b)
Start importing Assets/Scenes/SampleScene.unity using Guid(d61f7cd1890b49546ad720a8a0d196e5) Importer(815301076,1909f56bfc062723c751e8b465ee728b)  -> (artifact id: '0d5fd044c0ec2b506e9f6077f82d38be') in 0.062796 seconds 
========================================================================
Received Prepare
Registering precompiled user dll's ...
Registered in 0.003346 seconds.
Begin MonoManager ReloadAssembly
Native extension for WindowsStandalone target not found
Native extension for WebGL target not found
Refreshing native plugins compatible for Editor in 0.55 ms, found 3 plugins.
Preloading 0 native plugins for Editor in 0.00 ms.
Mono: successfully reloaded assembly
- Completed reload, in  0.899 seconds
Domain Reload Profiling:
	ReloadAssembly (903ms)
		BeginReloadAssembly (210ms)
			ExecutionOrderSort (0ms)
			DisableScriptedObjects (25ms)
			BackupInstance (0ms)
			ReleaseScriptingObjects (0ms)
			CreateAndSetChildDomain (82ms)
		EndReloadAssembly (639ms)
			LoadAssemblies (103ms)
			RebuildTransferFunctionScriptingTraits (0ms)
			SetupTypeCache (214ms)
			ReleaseScriptCaches (1ms)
			RebuildScriptCaches (30ms)
			SetupLoadedEditorAssemblies (243ms)
				LogAssemblyErrors (0ms)
				InitializePlatformSupportModulesInManaged (6ms)
				SetLoadedEditorAssemblies (1ms)
				RefreshPlugins (1ms)
				BeforeProcessingInitializeOnLoad (48ms)
				ProcessInitializeOnLoadAttributes (173ms)
				ProcessInitializeOnLoadMethodAttributes (9ms)
				AfterProcessingInitializeOnLoad (6ms)
				EditorAssembliesLoaded (0ms)
			ExecutionOrderSort2 (0ms)
			AwakeInstancesAfterBackupRestoration (7ms)
Platform modules already initialized, skipping
Refreshing native plugins compatible for Editor in 0.58 ms, found 3 plugins.
Preloading 0 native plugins for Editor in 0.00 ms.
Unloading 2201 Unused Serialized files (Serialized files now loaded: 0)
System memory in use before: 100.9 MB.
System memory in use after: 100.9 MB.

Unloading 20 unused Assets to reduce memory usage. Loaded Objects now: 2752.
Total: 3.475300 ms (FindLiveObjects: 0.271100 ms CreateObjectMapping: 0.073600 ms MarkObjects: 2.975300 ms  DeleteObjects: 0.153600 ms)

AssetImportParameters requested are different than current active one (requested -> active):
  custom:framework-win-MediaFoundation: 216162199b28c13a410421893ffa2e32 -> 
  custom:video-decoder-ogg-theora: a1e56fd34408186e4bbccfd4996cb3dc -> 
  custom:container-muxer-webm: aa71ff27fc2769a1b78a27578f13a17b -> 
  custom:container-demuxer-webm: 4f35f7cbe854078d1ac9338744f61a02 -> 
  custom:container-demuxer-ogg: 62fdf1f143b41e24485cea50d1cbac27 -> 
  custom:video-encoder-webm-vp8: eb34c28f22e8b96e1ab97ce403110664 -> 
  custom:video-codec-MediaFoundation-h265: 746d11721c4dcdbdad8f713fa42b33f4 -> 
  custom:video-decoder-webm-vp8: 9c59270c3fd7afecdb556c50c9e8de78 -> 
  custom:audio-decoder-ogg-vorbis: bf7c407c2cedff20999df2af8eb42d56 -> 
  custom:audio-encoder-webm-vorbis: bf7c407c2cedff20999df2af8eb42d56 -> 
AssetImportWorkerClient::OnTransportError - code=2 error=End of file
